app/build/intermediates/manifest_merge_blame_file/release/manifest-merger-blame-release-report.txt
1<?xml version="1.0" encoding="utf-8"?>
2<manifest xmlns:android="http://schemas.android.com/apk/res/android"
3    package="com.aap.medicore"
4    android:versionCode="12"
5    android:versionName="1.2" >
6
7    <uses-sdk
8        android:minSdkVersion="19"
8-->src\main\AndroidManifest.xml
9        android:targetSdkVersion="28" />
9-->src\main\AndroidManifest.xml
10
11    <uses-permission android:name="android.permission.WRITE_EXTERNAL_STORAGE" />
11-->src\main\AndroidManifest.xml:5:5-81
11-->src\main\AndroidManifest.xml:5:22-78
12    <uses-permission android:name="android.permission.ACCESS_NETWORK_STATE" />
12-->src\main\AndroidManifest.xml:6:5-79
12-->src\main\AndroidManifest.xml:6:22-76
13    <uses-permission android:name="android.permission.ACCESS_FINE_LOCATION" />
13-->src\main\AndroidManifest.xml:7:5-79
13-->src\main\AndroidManifest.xml:7:22-76
14    <uses-permission android:name="android.permission.INTERNET" />
14-->src\main\AndroidManifest.xml:8:5-67
14-->src\main\AndroidManifest.xml:8:22-64
15    <uses-permission android:name="android.permission.ACCESS_COARSE_LOCATION" />
15-->src\main\AndroidManifest.xml:10:5-81
15-->src\main\AndroidManifest.xml:10:22-78
16    <uses-permission android:name="android.permission.ACCESS_FINE_LOCATION" />
16-->src\main\AndroidManifest.xml:7:5-79
16-->src\main\AndroidManifest.xml:7:22-76
17    <uses-permission android:name="android.permission.ACCESS_COARSE_LOCATION" />
17-->src\main\AndroidManifest.xml:10:5-81
17-->src\main\AndroidManifest.xml:10:22-78
18    <uses-permission android:name="android.permission.ACCESS_WIFI_STATE" />
18-->src\main\AndroidManifest.xml:13:5-76
18-->src\main\AndroidManifest.xml:13:22-73
19    <uses-permission android:name="android.permission.READ_EXTERNAL_STORAGE" />
19-->src\main\AndroidManifest.xml:14:5-80
19-->src\main\AndroidManifest.xml:14:22-77
20    <uses-permission android:name="android.permission.WRITE_EXTERNAL_STORAGE" />
20-->src\main\AndroidManifest.xml:5:5-81
20-->src\main\AndroidManifest.xml:5:22-78
21    <uses-permission android:name="android.permission.WRITE_INTERNAL_STORAGE" />
21-->src\main\AndroidManifest.xml:16:5-81
21-->src\main\AndroidManifest.xml:16:22-78
22    <uses-permission android:name="android.permission.CAMERA" />
22-->src\main\AndroidManifest.xml:17:5-65
22-->src\main\AndroidManifest.xml:17:22-62
23    <uses-permission android:name="android.permission.VIBRATE" />
23-->[com.fxn769:pix:1.2.5] AndroidManifest.xml:13:5-66
23-->[com.fxn769:pix:1.2.5] AndroidManifest.xml:13:22-63
24
25    <uses-feature
25-->[com.google.android.gms:play-services-maps:16.0.0] AndroidManifest.xml:26:5-28:35
26        android:glEsVersion="0x00020000"
26-->[com.google.android.gms:play-services-maps:16.0.0] AndroidManifest.xml:27:9-41
27        android:required="true" />
27-->[com.google.android.gms:play-services-maps:16.0.0] AndroidManifest.xml:28:9-32
28
29    <uses-permission android:name="android.permission.WAKE_LOCK" />
29-->[com.google.android.gms:play-services-measurement:17.2.1] AndroidManifest.xml:25:5-68
29-->[com.google.android.gms:play-services-measurement:17.2.1] AndroidManifest.xml:25:22-65
30    <uses-permission android:name="com.google.android.finsky.permission.BIND_GET_INSTALL_REFERRER_SERVICE" /> <!-- Required by older versions of Google Play services to create IID tokens -->
30-->[com.google.android.gms:play-services-measurement:17.2.1] AndroidManifest.xml:26:5-110
30-->[com.google.android.gms:play-services-measurement:17.2.1] AndroidManifest.xml:26:22-107
31    <uses-permission android:name="com.google.android.c2dm.permission.RECEIVE" />
31-->[com.google.firebase:firebase-iid:20.0.0] AndroidManifest.xml:26:5-82
31-->[com.google.firebase:firebase-iid:20.0.0] AndroidManifest.xml:26:22-79
32
33    <application
33-->src\main\AndroidManifest.xml:19:5-124:19
34        android:name="com.aap.medicore.BaseClasses.BaseApplication"
34-->src\main\AndroidManifest.xml:20:9-52
35        android:allowBackup="false"
35-->src\main\AndroidManifest.xml:21:9-36
36        android:appComponentFactory="androidx.core.app.CoreComponentFactory"
36-->[androidx.core:core:1.1.0] AndroidManifest.xml:24:18-86
37        android:icon="@mipmap/ic_launcher"
37-->src\main\AndroidManifest.xml:22:9-43
38        android:label="@string/app_name"
38-->src\main\AndroidManifest.xml:23:9-41
39        android:largeHeap="true"
39-->[com.fxn769:pix:1.2.5] AndroidManifest.xml:17:9-33
40        android:roundIcon="@mipmap/ic_launcher_round"
40-->src\main\AndroidManifest.xml:24:9-54
41        android:supportsRtl="true"
41-->src\main\AndroidManifest.xml:25:9-35
42        android:theme="@style/AppTheme"
42-->src\main\AndroidManifest.xml:26:9-40
43        android:usesCleartextTraffic="true" >
43-->src\main\AndroidManifest.xml:27:9-44
44        <activity
44-->src\main\AndroidManifest.xml:28:9-33:20
45            android:name="com.aap.medicore.Activities.FormSection"
45-->src\main\AndroidManifest.xml:29:13-51
46            android:screenOrientation="portrait"
46-->src\main\AndroidManifest.xml:30:13-49
47            android:windowSoftInputMode="stateAlwaysHidden" >
47-->src\main\AndroidManifest.xml:31:13-60
48        </activity>
49        <activity
49-->src\main\AndroidManifest.xml:34:9-37:66
50            android:name="com.aap.medicore.Activities.SignatureActivity"
50-->src\main\AndroidManifest.xml:35:13-57
51            android:screenOrientation="portrait"
51-->src\main\AndroidManifest.xml:36:13-49
52            android:windowSoftInputMode="stateHidden" />
52-->src\main\AndroidManifest.xml:37:13-54
53        <activity
53-->src\main\AndroidManifest.xml:38:9-41:71
54            android:name="com.aap.medicore.Activities.VehicleCheckList"
54-->src\main\AndroidManifest.xml:39:13-56
55            android:screenOrientation="portrait"
55-->src\main\AndroidManifest.xml:40:13-49
56            android:windowSoftInputMode="stateVisible|adjustResize" />
56-->src\main\AndroidManifest.xml:41:13-68
57        <activity
57-->src\main\AndroidManifest.xml:42:9-45:57
58            android:name="com.aap.medicore.Activities.EquipmentCheckList"
58-->src\main\AndroidManifest.xml:43:13-58
59            android:screenOrientation="portrait"
59-->src\main\AndroidManifest.xml:44:13-49
60            android:windowSoftInputMode="stateHidden" />
60-->src\main\AndroidManifest.xml:45:13-54
61        <activity
61-->src\main\AndroidManifest.xml:46:9-49:57
62            android:name="com.aap.medicore.Activities.IncidentReport"
62-->src\main\AndroidManifest.xml:47:13-54
63            android:screenOrientation="portrait"
63-->src\main\AndroidManifest.xml:48:13-49
64            android:windowSoftInputMode="stateHidden" />
64-->src\main\AndroidManifest.xml:49:13-54
65        <activity
65-->src\main\AndroidManifest.xml:50:9-54:15
66            android:name="com.aap.medicore.Activities.StateActivity"
66-->src\main\AndroidManifest.xml:51:13-53
67            android:screenOrientation="portrait" />
67-->src\main\AndroidManifest.xml:52:13-49
68        <activity
68-->src\main\AndroidManifest.xml:55:9-59:15
69            android:name="com.aap.medicore.Activities.VehicleDetails"
69-->src\main\AndroidManifest.xml:56:13-54
70            android:screenOrientation="portrait" />
70-->src\main\AndroidManifest.xml:57:13-49
71        <activity
71-->src\main\AndroidManifest.xml:60:9-63:70
72            android:name="com.aap.medicore.Activities.TaskDetails"
72-->src\main\AndroidManifest.xml:61:13-51
73            android:screenOrientation="portrait"
73-->src\main\AndroidManifest.xml:62:13-49
74            android:windowSoftInputMode="stateHidden|adjustResize" />
74-->src\main\AndroidManifest.xml:63:13-67
75        <activity
75-->src\main\AndroidManifest.xml:64:9-68:71
76            android:name="com.aap.medicore.Activities.Home"
76-->src\main\AndroidManifest.xml:65:13-44
77            android:label="@string/title_activity_home"
77-->src\main\AndroidManifest.xml:66:13-56
78            android:screenOrientation="portrait"
78-->src\main\AndroidManifest.xml:67:13-49
79            android:windowSoftInputMode="stateVisible|adjustResize" />
79-->src\main\AndroidManifest.xml:68:13-68
80        <activity
80-->src\main\AndroidManifest.xml:69:9-72:57
81            android:name="com.aap.medicore.Activities.Login"
81-->src\main\AndroidManifest.xml:70:13-45
82            android:screenOrientation="portrait"
82-->src\main\AndroidManifest.xml:71:13-49
83            android:windowSoftInputMode="stateHidden" />
83-->src\main\AndroidManifest.xml:72:13-54
84        <activity
84-->src\main\AndroidManifest.xml:73:9-81:20
85            android:name="com.aap.medicore.Activities.Splash"
85-->src\main\AndroidManifest.xml:74:13-46
86            android:screenOrientation="portrait"
86-->src\main\AndroidManifest.xml:75:13-49
87            android:windowSoftInputMode="stateHidden|adjustResize" >
87-->src\main\AndroidManifest.xml:76:13-67
88            <intent-filter>
88-->src\main\AndroidManifest.xml:77:13-80:29
89                <action android:name="android.intent.action.MAIN" />
89-->src\main\AndroidManifest.xml:78:17-69
89-->src\main\AndroidManifest.xml:78:25-66
90
91                <category android:name="android.intent.category.LAUNCHER" />
91-->src\main\AndroidManifest.xml:79:17-77
91-->src\main\AndroidManifest.xml:79:27-74
92            </intent-filter>
93        </activity>
94        <activity android:name="com.aap.medicore.Activities.ScanActivity" />
94-->src\main\AndroidManifest.xml:82:9-61
94-->src\main\AndroidManifest.xml:82:19-58
95        <activity
95-->src\main\AndroidManifest.xml:83:9-85:52
96            android:name="com.aap.medicore.Activities.GameView"
96-->src\main\AndroidManifest.xml:84:13-48
97            android:screenOrientation="portrait" />
97-->src\main\AndroidManifest.xml:85:13-49
98        <activity
98-->src\main\AndroidManifest.xml:86:9-88:63
99            android:name="com.aap.medicore.Activities.PINVerificationActivity"
99-->src\main\AndroidManifest.xml:87:13-63
100            android:windowSoftInputMode="stateAlwaysHidden" />
100-->src\main\AndroidManifest.xml:88:13-60
101
102        <service android:name="com.aap.medicore.Utils.UploaderService" />
102-->src\main\AndroidManifest.xml:91:9-58
102-->src\main\AndroidManifest.xml:91:18-55
103        <service
103-->src\main\AndroidManifest.xml:92:9-94:40
104            android:name="com.novoda.merlin.MerlinService"
104-->src\main\AndroidManifest.xml:93:13-59
105            android:exported="false" />
105-->src\main\AndroidManifest.xml:94:13-37
106        <service
106-->src\main\AndroidManifest.xml:95:9-109:19
107            android:name="com.aap.medicore.Utils.MyFirebaseMessagingService"
107-->src\main\AndroidManifest.xml:96:13-61
108            android:exported="false" >
108-->src\main\AndroidManifest.xml:97:13-37
109            <intent-filter>
109-->src\main\AndroidManifest.xml:98:13-100:29
110                <action android:name="com.google.firebase.MESSAGING_EVENT" />
110-->src\main\AndroidManifest.xml:99:17-78
110-->src\main\AndroidManifest.xml:99:25-75
111            </intent-filter>
112
113            <!-- <meta-data -->
114            <!-- android:name="com.google.firebase.messaging.default_notification_icon" -->
115            <!-- android:resource="@drawable/ic_launcher" /> -->
116
117
118            <!-- <meta-data -->
119            <!-- android:name="com.google.firebase.messaging.default_notification_color" -->
120            <!-- android:resource="#FFF" /> -->
121        </service>
122
123        <receiver
123-->src\main\AndroidManifest.xml:112:9-121:20
124            android:name="com.aap.medicore.Utils.NetworkReciever"
124-->src\main\AndroidManifest.xml:113:13-50
125            android:enabled="true" >
125-->src\main\AndroidManifest.xml:114:13-35
126            <intent-filter>
126-->src\main\AndroidManifest.xml:115:13-120:29
127
128                <!-- Intent filters for broadcast receiver -->
129                <action android:name="android.net.conn.CONNECTIVITY_CHANGE" />
129-->src\main\AndroidManifest.xml:118:17-79
129-->src\main\AndroidManifest.xml:118:25-76
130            </intent-filter>
131        </receiver>
132
133        <activity
133-->[com.fxn769:pix:1.2.5] AndroidManifest.xml:19:9-23:50
134            android:name="com.fxn.pix.Pix"
134-->[com.fxn769:pix:1.2.5] AndroidManifest.xml:20:13-43
135            android:noHistory="true"
135-->[com.fxn769:pix:1.2.5] AndroidManifest.xml:21:13-37
136            android:screenOrientation="portrait"
136-->[com.fxn769:pix:1.2.5] AndroidManifest.xml:22:13-49
137            android:theme="@style/PixAppTheme" />
137-->[com.fxn769:pix:1.2.5] AndroidManifest.xml:23:13-47
138
139        <provider
139-->[com.crashlytics.sdk.android:crashlytics:2.10.1] AndroidManifest.xml:19:9-23:38
140            android:name="com.crashlytics.android.CrashlyticsInitProvider"
140-->[com.crashlytics.sdk.android:crashlytics:2.10.1] AndroidManifest.xml:20:13-75
141            android:authorities="com.aap.medicore.crashlyticsinitprovider"
141-->[com.crashlytics.sdk.android:crashlytics:2.10.1] AndroidManifest.xml:21:13-75
142            android:exported="false"
142-->[com.crashlytics.sdk.android:crashlytics:2.10.1] AndroidManifest.xml:22:13-37
143            android:initOrder="90" />
143-->[com.crashlytics.sdk.android:crashlytics:2.10.1] AndroidManifest.xml:23:13-35
144        <!--
145             FirebaseMessagingService performs security checks at runtime,
146             but set to not exported to explicitly avoid allowing another app to call it.
147        -->
148        <service
148-->[com.google.firebase:firebase-messaging:20.0.0] AndroidManifest.xml:28:9-34:19
149            android:name="com.google.firebase.messaging.FirebaseMessagingService"
149-->[com.google.firebase:firebase-messaging:20.0.0] AndroidManifest.xml:29:13-82
150            android:exported="false" >
150-->[com.google.firebase:firebase-messaging:20.0.0] AndroidManifest.xml:30:13-37
151            <intent-filter android:priority="-500" >
151-->src\main\AndroidManifest.xml:98:13-100:29
152                <action android:name="com.google.firebase.MESSAGING_EVENT" />
152-->src\main\AndroidManifest.xml:99:17-78
152-->src\main\AndroidManifest.xml:99:25-75
153            </intent-filter>
154        </service>
155
156        <receiver
156-->[com.google.android.gms:play-services-measurement:17.2.1] AndroidManifest.xml:29:9-33:20
157            android:name="com.google.android.gms.measurement.AppMeasurementReceiver"
157-->[com.google.android.gms:play-services-measurement:17.2.1] AndroidManifest.xml:30:13-85
158            android:enabled="true"
158-->[com.google.android.gms:play-services-measurement:17.2.1] AndroidManifest.xml:31:13-35
159            android:exported="false" >
159-->[com.google.android.gms:play-services-measurement:17.2.1] AndroidManifest.xml:32:13-37
160        </receiver>
161        <receiver
161-->[com.google.android.gms:play-services-measurement:17.2.1] AndroidManifest.xml:34:9-42:20
162            android:name="com.google.android.gms.measurement.AppMeasurementInstallReferrerReceiver"
162-->[com.google.android.gms:play-services-measurement:17.2.1] AndroidManifest.xml:35:13-100
163            android:enabled="true"
163-->[com.google.android.gms:play-services-measurement:17.2.1] AndroidManifest.xml:36:13-35
164            android:exported="true"
164-->[com.google.android.gms:play-services-measurement:17.2.1] AndroidManifest.xml:37:13-36
165            android:permission="android.permission.INSTALL_PACKAGES" >
165-->[com.google.android.gms:play-services-measurement:17.2.1] AndroidManifest.xml:38:13-69
166            <intent-filter>
166-->[com.google.android.gms:play-services-measurement:17.2.1] AndroidManifest.xml:39:13-41:29
167                <action android:name="com.android.vending.INSTALL_REFERRER" />
167-->[com.google.android.gms:play-services-measurement:17.2.1] AndroidManifest.xml:40:17-79
167-->[com.google.android.gms:play-services-measurement:17.2.1] AndroidManifest.xml:40:25-76
168            </intent-filter>
169        </receiver>
170
171        <service
171-->[com.google.android.gms:play-services-measurement:17.2.1] AndroidManifest.xml:44:9-47:40
172            android:name="com.google.android.gms.measurement.AppMeasurementService"
172-->[com.google.android.gms:play-services-measurement:17.2.1] AndroidManifest.xml:45:13-84
173            android:enabled="true"
173-->[com.google.android.gms:play-services-measurement:17.2.1] AndroidManifest.xml:46:13-35
174            android:exported="false" />
174-->[com.google.android.gms:play-services-measurement:17.2.1] AndroidManifest.xml:47:13-37
175        <service
175-->[com.google.android.gms:play-services-measurement:17.2.1] AndroidManifest.xml:48:9-52:72
176            android:name="com.google.android.gms.measurement.AppMeasurementJobService"
176-->[com.google.android.gms:play-services-measurement:17.2.1] AndroidManifest.xml:49:13-87
177            android:enabled="true"
177-->[com.google.android.gms:play-services-measurement:17.2.1] AndroidManifest.xml:50:13-35
178            android:exported="false"
178-->[com.google.android.gms:play-services-measurement:17.2.1] AndroidManifest.xml:51:13-37
179            android:permission="android.permission.BIND_JOB_SERVICE" />
179-->[com.google.android.gms:play-services-measurement:17.2.1] AndroidManifest.xml:52:13-69
180        <service
180-->[com.google.android.gms:play-services-measurement-api:17.2.1] AndroidManifest.xml:27:9-33:19
181            android:name="com.google.firebase.components.ComponentDiscoveryService"
181-->[com.google.android.gms:play-services-measurement-api:17.2.1] AndroidManifest.xml:28:13-84
182            android:exported="false" >
182-->[com.google.android.gms:play-services-measurement-api:17.2.1] AndroidManifest.xml:29:13-37
183            <meta-data
183-->[com.google.android.gms:play-services-measurement-api:17.2.1] AndroidManifest.xml:30:13-32:85
184                android:name="com.google.firebase.components:com.google.firebase.analytics.connector.internal.AnalyticsConnectorRegistrar"
184-->[com.google.android.gms:play-services-measurement-api:17.2.1] AndroidManifest.xml:31:17-139
185                android:value="com.google.firebase.components.ComponentRegistrar" />
185-->[com.google.android.gms:play-services-measurement-api:17.2.1] AndroidManifest.xml:32:17-82
186            <meta-data
186-->[com.google.firebase:firebase-iid:20.0.0] AndroidManifest.xml:32:13-34:85
187                android:name="com.google.firebase.components:com.google.firebase.iid.Registrar"
187-->[com.google.firebase:firebase-iid:20.0.0] AndroidManifest.xml:33:17-96
188                android:value="com.google.firebase.components.ComponentRegistrar" />
188-->[com.google.firebase:firebase-iid:20.0.0] AndroidManifest.xml:34:17-82
189        </service>
190
191        <receiver
191-->[com.google.firebase:firebase-iid:20.0.0] AndroidManifest.xml:37:9-44:20
192            android:name="com.google.firebase.iid.FirebaseInstanceIdReceiver"
192-->[com.google.firebase:firebase-iid:20.0.0] AndroidManifest.xml:38:13-78
193            android:exported="true"
193-->[com.google.firebase:firebase-iid:20.0.0] AndroidManifest.xml:39:13-36
194            android:permission="com.google.android.c2dm.permission.SEND" >
194-->[com.google.firebase:firebase-iid:20.0.0] AndroidManifest.xml:40:13-73
195            <intent-filter>
195-->[com.google.firebase:firebase-iid:20.0.0] AndroidManifest.xml:41:13-43:29
196                <action android:name="com.google.android.c2dm.intent.RECEIVE" />
196-->[com.google.firebase:firebase-iid:20.0.0] AndroidManifest.xml:42:17-81
196-->[com.google.firebase:firebase-iid:20.0.0] AndroidManifest.xml:42:25-78
197            </intent-filter>
198        </receiver>
199
200        <provider
200-->[com.google.firebase:firebase-common:19.0.0] AndroidManifest.xml:12:9-16:39
201            android:name="com.google.firebase.provider.FirebaseInitProvider"
201-->[com.google.firebase:firebase-common:19.0.0] AndroidManifest.xml:13:13-77
202            android:authorities="com.aap.medicore.firebaseinitprovider"
202-->[com.google.firebase:firebase-common:19.0.0] AndroidManifest.xml:14:13-72
203            android:exported="false"
203-->[com.google.firebase:firebase-common:19.0.0] AndroidManifest.xml:15:13-37
204            android:initOrder="100" />
204-->[com.google.firebase:firebase-common:19.0.0] AndroidManifest.xml:16:13-36
205
206        <activity
206-->[com.google.android.gms:play-services-base:17.0.0] AndroidManifest.xml:23:9-26:75
207            android:name="com.google.android.gms.common.api.GoogleApiActivity"
207-->[com.google.android.gms:play-services-base:17.0.0] AndroidManifest.xml:24:13-79
208            android:exported="false"
208-->[com.google.android.gms:play-services-base:17.0.0] AndroidManifest.xml:25:13-37
209            android:theme="@android:style/Theme.Translucent.NoTitleBar" />
209-->[com.google.android.gms:play-services-base:17.0.0] AndroidManifest.xml:26:13-72
210
211        <meta-data
211-->[com.google.android.gms:play-services-basement:17.0.0] AndroidManifest.xml:23:9-25:69
212            android:name="com.google.android.gms.version"
212-->[com.google.android.gms:play-services-basement:17.0.0] AndroidManifest.xml:24:13-58
213            android:value="@integer/google_play_services_version" />
213-->[com.google.android.gms:play-services-basement:17.0.0] AndroidManifest.xml:25:13-66
214    </application>
215
216</manifest>